[6/10/2022 16:33:5]: 
.------------------------.
|        Commands        |
|------------------------|
|     File      | Status |
|---------------|--------|
| bulkdelete.js | Online |
| help.js       | Online |
| play.js       | Online |
| prefix.js     | Online |
| ping.js       | Online |
'------------------------'
[6/10/2022 16:33:5]: 
.-------------------------------.
|            Events             |
|-------------------------------|
|        Event         | Status |
|----------------------|--------|
| ready.js             | Online |
| interactionCreate.js | Online |
| messageCreate.js     | Online |
'-------------------------------'
[6/10/2022 16:33:6]: YinYue#5002 online!
[6/10/2022 16:33:6]: 
.----------------------.
|       Database       |
|----------------------|
|    Table    | Status |
|-------------|--------|
| Prefixes    | ok     |
| SavedQueues | ok     |
'----------------------'
[6/10/2022 16:33:6]: Fetching servers...
[6/10/2022 16:33:8]: 
.-----------------------------------------------------------------.
|                             Servers                             |
|-----------------------------------------------------------------|
|        Server         |         Id         |    Proprietario    |
|-----------------------|--------------------|--------------------|
| AjaM CS:GO Community  | 688792417398423573 | $Nova$#4692        |
| !Test!                | 689115254713745423 | dragonero2704#7782 |
| er Supremo's ghetto   | 766961736774713386 | Tex#5457           |
| Bin Chilling          | 780413363930660874 | dragonero2704#7782 |
| Sacro Romano Impero🦅 | 850316731255357450 | Senju#0483         |
| Sito Banfo            | 893827893661143090 | dragonero2704#7782 |
| bed                   | 937490981387911259 | Senju#0483         |
'-----------------------------------------------------------------'
[6/10/2022 16:33:54]: 
.------------------------.
|        Commands        |
|------------------------|
|     File      | Status |
|---------------|--------|
| bulkdelete.js | Online |
| help.js       | Online |
| play.js       | Online |
| prefix.js     | Online |
| ping.js       | Online |
'------------------------'
[6/10/2022 16:33:54]: 
.-------------------------------.
|            Events             |
|-------------------------------|
|        Event         | Status |
|----------------------|--------|
| ready.js             | Online |
| interactionCreate.js | Online |
| messageCreate.js     | Online |
'-------------------------------'
[6/10/2022 16:33:55]: YinYue#5002 online!
[6/10/2022 16:33:55]: 
.----------------------.
|       Database       |
|----------------------|
|    Table    | Status |
|-------------|--------|
| Prefixes    | ok     |
| SavedQueues | ok     |
'----------------------'
[6/10/2022 16:33:55]: I get executed
[6/10/2022 16:33:55]: Fetching servers...
[6/10/2022 16:33:57]: 
.-----------------------------------------------------------------.
|                             Servers                             |
|-----------------------------------------------------------------|
|        Server         |         Id         |    Proprietario    |
|-----------------------|--------------------|--------------------|
| AjaM CS:GO Community  | 688792417398423573 | $Nova$#4692        |
| !Test!                | 689115254713745423 | dragonero2704#7782 |
| er Supremo's ghetto   | 766961736774713386 | Tex#5457           |
| Bin Chilling          | 780413363930660874 | dragonero2704#7782 |
| Sacro Romano Impero🦅 | 850316731255357450 | Senju#0483         |
| Sito Banfo            | 893827893661143090 | dragonero2704#7782 |
| bed                   | 937490981387911259 | Senju#0483         |
'-----------------------------------------------------------------'
[6/10/2022 16:56:7]: 
.------------------------.
|        Commands        |
|------------------------|
|     File      | Status |
|---------------|--------|
| bulkdelete.js | Online |
| help.js       | Online |
| play.js       | Online |
| prefix.js     | Online |
| ping.js       | Online |
'------------------------'
[6/10/2022 16:56:7]: 
.-------------------------------.
|            Events             |
|-------------------------------|
|        Event         | Status |
|----------------------|--------|
| ready.js             | Online |
| interactionCreate.js | Online |
| messageCreate.js     | Online |
'-------------------------------'
[6/10/2022 16:56:8]: YinYue#5002 online!
[6/10/2022 16:56:8]: 
.----------------------.
|       Database       |
|----------------------|
|    Table    | Status |
|-------------|--------|
| Prefixes    | ok     |
| SavedQueues | ok     |
'----------------------'
[6/10/2022 16:56:8]: Fetching servers...
[6/10/2022 16:56:10]: 
.-----------------------------------------------------------------.
|                             Servers                             |
|-----------------------------------------------------------------|
|        Server         |         Id         |    Proprietario    |
|-----------------------|--------------------|--------------------|
| AjaM CS:GO Community  | 688792417398423573 | $Nova$#4692        |
| !Test!                | 689115254713745423 | dragonero2704#7782 |
| er Supremo's ghetto   | 766961736774713386 | Tex#5457           |
| Bin Chilling          | 780413363930660874 | dragonero2704#7782 |
| Sacro Romano Impero🦅 | 850316731255357450 | Senju#0483         |
| Sito Banfo            | 893827893661143090 | dragonero2704#7782 |
| bed                   | 937490981387911259 | Senju#0483         |
'-----------------------------------------------------------------'
