[5/10/2022 19:59:37]: 
.------------------------.
|        Commands        |
|------------------------|
|     File      | Status |
|---------------|--------|
| bulkdelete.js | Online |
| help.js       | Online |
| play.js       | Online |
| prefix.js     | Online |
| ping.js       | Online |
'------------------------'
[5/10/2022 19:59:37]: 
.-------------------------------.
|            Events             |
|-------------------------------|
|        Event         | Status |
|----------------------|--------|
| ready.js             | Online |
| interactionCreate.js | Online |
| messageCreate.js     | Online |
'-------------------------------'
[5/10/2022 19:59:38]: YinYue#5002 online!
[5/10/2022 19:59:38]: class extends Model {
    }
[5/10/2022 19:59:38]: 
.-------------------.
|     Database      |
|-------------------|
|  Table   | Status |
|----------|--------|
| Prefixes | ok     |
'-------------------'
[5/10/2022 19:59:38]: Fetching servers...
[5/10/2022 19:59:40]: 
.-----------------------------------------------------------------.
|                             Servers                             |
|-----------------------------------------------------------------|
|        Server         |         Id         |    Proprietario    |
|-----------------------|--------------------|--------------------|
| AjaM CS:GO Community  | 688792417398423573 | $Nova$#4692        |
| !Test!                | 689115254713745423 | dragonero2704#7782 |
| er Supremo's ghetto   | 766961736774713386 | Tex#5457           |
| Bin Chilling          | 780413363930660874 | dragonero2704#7782 |
| Sacro Romano Impero🦅 | 850316731255357450 | Senju#0483         |
| Sito Banfo            | 893827893661143090 | dragonero2704#7782 |
| bed                   | 937490981387911259 | Senju#0483         |
'-----------------------------------------------------------------'
