[4/10/2022 23:14:50]: YinYue#5002 online!
[4/10/2022 23:14:50]: 
.-------------------.
|     Database      |
|-------------------|
|  Table   | Status |
|----------|--------|
| Prefixes | ok     |
'-------------------'
[4/10/2022 23:14:50]: Fetching servers...
[4/10/2022 23:14:51]: 
.-----------------------------------------------------------------.
|                             Servers                             |
|-----------------------------------------------------------------|
|        Server         |         Id         |    Proprietario    |
|-----------------------|--------------------|--------------------|
| AjaM CS:GO Community  | 688792417398423573 | $Nova$#4692        |
| !Test!                | 689115254713745423 | dragonero2704#7782 |
| er Supremo's ghetto   | 766961736774713386 | Tex#5457           |
| Bin Chilling          | 780413363930660874 | dragonero2704#7782 |
| Sacro Romano Impero🦅 | 850316731255357450 | Senju#0483         |
| Sito Banfo            | 893827893661143090 | dragonero2704#7782 |
| bed                   | 937490981387911259 | Senju#0483         |
'-----------------------------------------------------------------'
